error[E0080]: evaluation panicked: used `zeroable` on a type whose range does not include zero
  --> ui/not_zeroable.rs:6:1
   |
6  | / bounded_integer::unsafe_api! {
7  | |     for S,
8  | |     unsafe repr: u8,
9  | |     min: 1,
10 | |     max: 1,
11 | |     zeroable,
12 | | }
   | |_^ evaluation of `_::<impl std::default::Default for S>::default::{constant#0}` failed here
   |
   = note: this error originates in the macro `$crate::__unsafe_api_internal` which comes from the expansion of the macro `bounded_integer::unsafe_api` (in Nightly builds, run with -Z macro-backtrace for more info)

note: erroneous constant encountered
  --> ui/not_zeroable.rs:6:1
   |
6  | / bounded_integer::unsafe_api! {
7  | |     for S,
8  | |     unsafe repr: u8,
9  | |     min: 1,
10 | |     max: 1,
11 | |     zeroable,
12 | | }
   | |_^
   |
   = note: this note originates in the macro `$crate::__unsafe_api_internal` which comes from the expansion of the macro `bounded_integer::unsafe_api` (in Nightly builds, run with -Z macro-backtrace for more info)
